<?xml version="1.0" encoding="UTF-8"?>
<!-- Generated by org.testng.reporters.JUnitXMLReporter -->
<testsuite hostname="LAPTOP-2L08DKMT" ignored="0" name="Default test" tests="12" failures="0" timestamp="2022-02-02T20:19:29 IST" time="0.13" errors="0">
  <testcase name="div" time="0.01" classname="com.qa.tests.DemoTest3"/>
  <testcase name="mul" time="0.002" classname="com.qa.tests.DemoTest3"/>
  <testcase name="sub" time="0.001" classname="com.qa.tests.DemoTest3"/>
  <testcase name="sum" time="0.002" classname="com.qa.tests.DemoTest3"/>
  <testcase name="div" time="0.004" classname="com.qa.tests.DemoTest"/>
  <testcase name="mul" time="0.003" classname="com.qa.tests.DemoTest"/>
  <testcase name="sub" time="0.002" classname="com.qa.tests.DemoTest"/>
  <testcase name="sum" time="0.004" classname="com.qa.tests.DemoTest"/>
  <testcase name="div" time="0.005" classname="com.qa.tests.DemoTest2"/>
  <testcase name="mul" time="0.002" classname="com.qa.tests.DemoTest2"/>
  <testcase name="sub" time="0.002" classname="com.qa.tests.DemoTest2"/>
  <testcase name="sum" time="0.002" classname="com.qa.tests.DemoTest2"/>
</testsuite> <!-- Default test -->
